2020-08-30 11:49:42.055 user:  INFO 22504 --- [SpringContextShutdownHook] o.s.s.concurrent.ThreadPoolTaskExecutor  : Shutting down ExecutorService 'applicationTaskExecutor'
2020-08-30 11:49:52.987 user:  INFO 23910 --- [main] c.e.s.SpringMvcDemoApplication           : Starting SpringMvcDemoApplication on 192.168.0.103 with PID 23910 (/Users/liufeng/work/gits/JAVAWeb/工程/Java/spring-mvc-demo/target/classes started by liufeng in /Users/liufeng/work/gits/JAVAWeb/工程/Java/spring-mvc-demo)
2020-08-30 11:49:52.992 user:  INFO 23910 --- [main] c.e.s.SpringMvcDemoApplication           : No active profile set, falling back to default profiles: default
2020-08-30 11:49:55.550 user:  INFO 23910 --- [main] o.s.b.w.embedded.tomcat.TomcatWebServer  : Tomcat initialized with port(s): 8081 (http)
2020-08-30 11:49:55.561 user:  INFO 23910 --- [main] o.apache.catalina.core.StandardService   : Starting service [Tomcat]
2020-08-30 11:49:55.562 user:  INFO 23910 --- [main] org.apache.catalina.core.StandardEngine  : Starting Servlet engine: [Apache Tomcat/9.0.37]
2020-08-30 11:49:55.645 user:  INFO 23910 --- [main] o.a.c.c.C.[Tomcat].[localhost].[/]       : Initializing Spring embedded WebApplicationContext
2020-08-30 11:49:55.646 user:  INFO 23910 --- [main] w.s.c.ServletWebServerApplicationContext : Root WebApplicationContext: initialization completed in 2481 ms
2020-08-30 11:49:58.834 user:  INFO 23910 --- [main] o.s.s.concurrent.ThreadPoolTaskExecutor  : Initializing ExecutorService 'applicationTaskExecutor'
2020-08-30 11:49:59.439 user:  INFO 23910 --- [main] o.s.b.w.embedded.tomcat.TomcatWebServer  : Tomcat started on port(s): 8081 (http) with context path ''
2020-08-30 11:49:59.489 user:  INFO 23910 --- [main] c.e.s.SpringMvcDemoApplication           : Started SpringMvcDemoApplication in 7.214 seconds (JVM running for 8.719)
2020-08-30 11:50:02.324 user:  INFO 23910 --- [http-nio-8081-exec-1] o.a.c.c.C.[Tomcat].[localhost].[/]       : Initializing Spring DispatcherServlet 'dispatcherServlet'
2020-08-30 11:50:02.325 user:  INFO 23910 --- [http-nio-8081-exec-1] o.s.web.servlet.DispatcherServlet        : Initializing Servlet 'dispatcherServlet'
2020-08-30 11:50:02.349 user:  INFO 23910 --- [http-nio-8081-exec-1] o.s.web.servlet.DispatcherServlet        : Completed initialization in 23 ms
2020-08-30 11:50:02.401 user:  INFO 23910 --- [http-nio-8081-exec-1] c.e.s.aop.aspect.WebLogAspect            : =========================start=========================
2020-08-30 11:50:02.402 user:  INFO 23910 --- [http-nio-8081-exec-1] c.e.s.aop.aspect.WebLogAspect            : URL            :http://localhost:8081/hello/hello
2020-08-30 11:50:02.404 user:  INFO 23910 --- [http-nio-8081-exec-1] c.e.s.aop.aspect.WebLogAspect            : HTTP Method    :GET
2020-08-30 11:50:02.406 user:  INFO 23910 --- [http-nio-8081-exec-1] c.e.s.aop.aspect.WebLogAspect            : Class Method   :com.example.springmvcdemo.controllers.HelloController.String com.example.springmvcdemo.controllers.HelloController.handle(Object)
2020-08-30 11:50:02.407 user:  INFO 23910 --- [http-nio-8081-exec-1] c.e.s.aop.aspect.WebLogAspect            : IP             :0:0:0:0:0:0:0:1
2020-08-30 11:50:02.408 user:  INFO 23910 --- [http-nio-8081-exec-1] c.e.s.aop.aspect.WebLogAspect            : Request args   :[Ljava.lang.Object;@6e3acf1f
2020-08-30 11:50:02.421 user:  INFO 23910 --- [http-nio-8081-exec-1] c.e.s.aop.aspect.WebLogAspect            : Response Args : Required
2020-08-30 11:50:02.422 user:  INFO 23910 --- [http-nio-8081-exec-1] c.e.s.aop.aspect.WebLogAspect            : Time Consuming : 22 ms
2020-08-30 11:50:02.422 user:  INFO 23910 --- [http-nio-8081-exec-1] c.e.s.aop.aspect.WebLogAspect            : =========================end=========================
2020-08-30 11:50:18.736 user:  INFO 23910 --- [SpringContextShutdownHook] o.s.s.concurrent.ThreadPoolTaskExecutor  : Shutting down ExecutorService 'applicationTaskExecutor'
2020-08-30 11:50:25.014 user:  INFO 23936 --- [main] c.e.s.SpringMvcDemoApplication           : Starting SpringMvcDemoApplication on 192.168.0.103 with PID 23936 (/Users/liufeng/work/gits/JAVAWeb/工程/Java/spring-mvc-demo/target/classes started by liufeng in /Users/liufeng/work/gits/JAVAWeb/工程/Java/spring-mvc-demo)
2020-08-30 11:50:25.023 user:  INFO 23936 --- [main] c.e.s.SpringMvcDemoApplication           : No active profile set, falling back to default profiles: default
2020-08-30 11:50:27.415 user:  INFO 23936 --- [main] o.s.b.w.embedded.tomcat.TomcatWebServer  : Tomcat initialized with port(s): 8081 (http)
2020-08-30 11:50:27.430 user:  INFO 23936 --- [main] o.apache.catalina.core.StandardService   : Starting service [Tomcat]
2020-08-30 11:50:27.431 user:  INFO 23936 --- [main] org.apache.catalina.core.StandardEngine  : Starting Servlet engine: [Apache Tomcat/9.0.37]
2020-08-30 11:50:27.513 user:  INFO 23936 --- [main] o.a.c.c.C.[Tomcat].[localhost].[/]       : Initializing Spring embedded WebApplicationContext
2020-08-30 11:50:27.514 user:  INFO 23936 --- [main] w.s.c.ServletWebServerApplicationContext : Root WebApplicationContext: initialization completed in 2363 ms
2020-08-30 11:50:28.961 user:  INFO 23936 --- [main] o.s.s.concurrent.ThreadPoolTaskExecutor  : Initializing ExecutorService 'applicationTaskExecutor'
2020-08-30 11:50:29.770 user:  INFO 23936 --- [main] o.s.b.w.embedded.tomcat.TomcatWebServer  : Tomcat started on port(s): 8081 (http) with context path ''
2020-08-30 11:50:29.786 user:  INFO 23936 --- [main] c.e.s.SpringMvcDemoApplication           : Started SpringMvcDemoApplication in 5.582 seconds (JVM running for 7.413)
2020-08-30 11:50:33.940 user:  INFO 23936 --- [http-nio-8081-exec-1] o.a.c.c.C.[Tomcat].[localhost].[/]       : Initializing Spring DispatcherServlet 'dispatcherServlet'
2020-08-30 11:50:33.941 user:  INFO 23936 --- [http-nio-8081-exec-1] o.s.web.servlet.DispatcherServlet        : Initializing Servlet 'dispatcherServlet'
2020-08-30 11:50:33.964 user:  INFO 23936 --- [http-nio-8081-exec-1] o.s.web.servlet.DispatcherServlet        : Completed initialization in 23 ms
2020-08-30 11:50:34.012 user:  INFO 23936 --- [http-nio-8081-exec-1] c.e.s.aop.aspect.WebLogAspect            : =========================start=========================
2020-08-30 11:50:34.013 user:  INFO 23936 --- [http-nio-8081-exec-1] c.e.s.aop.aspect.WebLogAspect            : URL            :http://localhost:8081/hello/hello
2020-08-30 11:50:34.015 user:  INFO 23936 --- [http-nio-8081-exec-1] c.e.s.aop.aspect.WebLogAspect            : HTTP Method    :GET
2020-08-30 11:50:34.017 user:  INFO 23936 --- [http-nio-8081-exec-1] c.e.s.aop.aspect.WebLogAspect            : Class Method   :com.example.springmvcdemo.controllers.HelloController.String com.example.springmvcdemo.controllers.HelloController.handle(Object)
2020-08-30 11:50:34.017 user:  INFO 23936 --- [http-nio-8081-exec-1] c.e.s.aop.aspect.WebLogAspect            : IP             :0:0:0:0:0:0:0:1
2020-08-30 11:50:34.018 user:  INFO 23936 --- [http-nio-8081-exec-1] c.e.s.aop.aspect.WebLogAspect            : Request args   :[Ljava.lang.Object;@1079cb3f
2020-08-30 12:02:49.855 user:  INFO 23936 --- [http-nio-8081-exec-1] c.e.s.aop.aspect.WebLogAspect            : Response Args : Required
2020-08-30 12:02:49.857 user:  INFO 23936 --- [http-nio-8081-exec-1] c.e.s.aop.aspect.WebLogAspect            : Time Consuming : 735845 ms
2020-08-30 12:02:49.858 user:  INFO 23936 --- [http-nio-8081-exec-1] c.e.s.aop.aspect.WebLogAspect            : =========================end=========================
2020-08-30 12:02:50.050 user:  INFO 23936 --- [SpringContextShutdownHook] o.s.s.concurrent.ThreadPoolTaskExecutor  : Shutting down ExecutorService 'applicationTaskExecutor'
2020-08-30 12:03:05.654 user:  INFO 24103 --- [main] c.e.s.SpringMvcDemoApplication           : Starting SpringMvcDemoApplication on 192.168.0.103 with PID 24103 (/Users/liufeng/work/gits/JAVAWeb/工程/Java/spring-mvc-demo/target/classes started by liufeng in /Users/liufeng/work/gits/JAVAWeb/工程/Java/spring-mvc-demo)
2020-08-30 12:03:05.660 user:  INFO 24103 --- [main] c.e.s.SpringMvcDemoApplication           : No active profile set, falling back to default profiles: default
2020-08-30 12:03:08.070 user:  INFO 24103 --- [main] o.s.b.w.embedded.tomcat.TomcatWebServer  : Tomcat initialized with port(s): 8081 (http)
2020-08-30 12:03:08.082 user:  INFO 24103 --- [main] o.apache.catalina.core.StandardService   : Starting service [Tomcat]
2020-08-30 12:03:08.083 user:  INFO 24103 --- [main] org.apache.catalina.core.StandardEngine  : Starting Servlet engine: [Apache Tomcat/9.0.37]
2020-08-30 12:03:08.178 user:  INFO 24103 --- [main] o.a.c.c.C.[Tomcat].[localhost].[/]       : Initializing Spring embedded WebApplicationContext
2020-08-30 12:03:08.178 user:  INFO 24103 --- [main] w.s.c.ServletWebServerApplicationContext : Root WebApplicationContext: initialization completed in 2317 ms
2020-08-30 12:03:11.878 user:  INFO 24103 --- [main] o.s.s.concurrent.ThreadPoolTaskExecutor  : Initializing ExecutorService 'applicationTaskExecutor'
2020-08-30 12:03:12.478 user:  INFO 24103 --- [main] o.s.b.w.embedded.tomcat.TomcatWebServer  : Tomcat started on port(s): 8081 (http) with context path ''
2020-08-30 12:03:12.492 user:  INFO 24103 --- [main] c.e.s.SpringMvcDemoApplication           : Started SpringMvcDemoApplication in 7.804 seconds (JVM running for 9.364)
2020-08-30 12:03:20.147 user:  INFO 24103 --- [http-nio-8081-exec-1] o.a.c.c.C.[Tomcat].[localhost].[/]       : Initializing Spring DispatcherServlet 'dispatcherServlet'
2020-08-30 12:03:20.148 user:  INFO 24103 --- [http-nio-8081-exec-1] o.s.web.servlet.DispatcherServlet        : Initializing Servlet 'dispatcherServlet'
2020-08-30 12:03:20.173 user:  INFO 24103 --- [http-nio-8081-exec-1] o.s.web.servlet.DispatcherServlet        : Completed initialization in 25 ms
2020-08-30 12:03:20.224 user:  INFO 24103 --- [http-nio-8081-exec-1] c.e.s.aop.aspect.WebLogAspect            : =========================start=========================
2020-08-30 12:03:20.227 user:  INFO 24103 --- [http-nio-8081-exec-1] c.e.s.aop.aspect.WebLogAspect            : URL            :http://localhost:8081/hello/hello
2020-08-30 12:03:20.231 user:  INFO 24103 --- [http-nio-8081-exec-1] c.e.s.aop.aspect.WebLogAspect            : HTTP Method    :GET
2020-08-30 12:03:20.233 user:  INFO 24103 --- [http-nio-8081-exec-1] c.e.s.aop.aspect.WebLogAspect            : Class Method   :com.example.springmvcdemo.controllers.HelloController.String com.example.springmvcdemo.controllers.HelloController.handle(Object)
2020-08-30 12:03:20.234 user:  INFO 24103 --- [http-nio-8081-exec-1] c.e.s.aop.aspect.WebLogAspect            : IP             :0:0:0:0:0:0:0:1
2020-08-30 12:03:20.235 user:  INFO 24103 --- [http-nio-8081-exec-1] c.e.s.aop.aspect.WebLogAspect            : Request args   :[Ljava.lang.Object;@4892b26d
2020-08-30 12:03:49.808 user:  INFO 24103 --- [http-nio-8081-exec-1] c.e.s.aop.aspect.WebLogAspect            : Response Args : 登陆-cn
2020-08-30 12:03:49.810 user:  INFO 24103 --- [http-nio-8081-exec-1] c.e.s.aop.aspect.WebLogAspect            : Time Consuming : 29585 ms
2020-08-30 12:03:49.812 user:  INFO 24103 --- [http-nio-8081-exec-1] c.e.s.aop.aspect.WebLogAspect            : =========================end=========================
2020-08-30 12:04:16.111 user:  INFO 24103 --- [http-nio-8081-exec-2] c.e.s.aop.aspect.WebLogAspect            : =========================start=========================
2020-08-30 12:04:16.112 user:  INFO 24103 --- [http-nio-8081-exec-2] c.e.s.aop.aspect.WebLogAspect            : URL            :http://localhost:8081/hello/hello
2020-08-30 12:04:16.117 user:  INFO 24103 --- [http-nio-8081-exec-2] c.e.s.aop.aspect.WebLogAspect            : HTTP Method    :GET
2020-08-30 12:04:16.117 user:  INFO 24103 --- [http-nio-8081-exec-2] c.e.s.aop.aspect.WebLogAspect            : Class Method   :com.example.springmvcdemo.controllers.HelloController.String com.example.springmvcdemo.controllers.HelloController.handle(Object)
2020-08-30 12:04:16.117 user:  INFO 24103 --- [http-nio-8081-exec-2] c.e.s.aop.aspect.WebLogAspect            : IP             :0:0:0:0:0:0:0:1
2020-08-30 12:04:16.118 user:  INFO 24103 --- [http-nio-8081-exec-2] c.e.s.aop.aspect.WebLogAspect            : Request args   :[Ljava.lang.Object;@4d8376cc
2020-08-30 12:04:34.376 user:  INFO 24103 --- [http-nio-8081-exec-2] c.e.s.aop.aspect.WebLogAspect            : Response Args : 登陆-cn
2020-08-30 12:04:34.379 user:  INFO 24103 --- [http-nio-8081-exec-2] c.e.s.aop.aspect.WebLogAspect            : Time Consuming : 18268 ms
2020-08-30 12:04:34.380 user:  INFO 24103 --- [http-nio-8081-exec-2] c.e.s.aop.aspect.WebLogAspect            : =========================end=========================
2020-08-30 12:05:41.469 user:  INFO 24103 --- [http-nio-8081-exec-5] c.e.s.aop.aspect.WebLogAspect            : =========================start=========================
2020-08-30 12:05:41.470 user:  INFO 24103 --- [http-nio-8081-exec-5] c.e.s.aop.aspect.WebLogAspect            : URL            :http://localhost:8081/hello/hello
2020-08-30 12:05:41.471 user:  INFO 24103 --- [http-nio-8081-exec-5] c.e.s.aop.aspect.WebLogAspect            : HTTP Method    :GET
2020-08-30 12:05:41.472 user:  INFO 24103 --- [http-nio-8081-exec-5] c.e.s.aop.aspect.WebLogAspect            : Class Method   :com.example.springmvcdemo.controllers.HelloController.String com.example.springmvcdemo.controllers.HelloController.handle(Object)
2020-08-30 12:05:41.473 user:  INFO 24103 --- [http-nio-8081-exec-5] c.e.s.aop.aspect.WebLogAspect            : IP             :0:0:0:0:0:0:0:1
2020-08-30 12:05:41.474 user:  INFO 24103 --- [http-nio-8081-exec-5] c.e.s.aop.aspect.WebLogAspect            : Request args   :[Ljava.lang.Object;@5003629c
2020-08-30 12:08:28.150 user:  INFO 24103 --- [http-nio-8081-exec-5] c.e.s.aop.aspect.WebLogAspect            : Response Args : 登陆-cn
2020-08-30 12:08:28.152 user:  INFO 24103 --- [http-nio-8081-exec-5] c.e.s.aop.aspect.WebLogAspect            : Time Consuming : 166683 ms
2020-08-30 12:08:28.152 user:  INFO 24103 --- [http-nio-8081-exec-5] c.e.s.aop.aspect.WebLogAspect            : =========================end=========================
2020-08-30 12:08:39.663 user:  INFO 24103 --- [http-nio-8081-exec-7] c.e.s.aop.aspect.WebLogAspect            : =========================start=========================
2020-08-30 12:08:39.664 user:  INFO 24103 --- [http-nio-8081-exec-7] c.e.s.aop.aspect.WebLogAspect            : URL            :http://localhost:8081/hello/hello
2020-08-30 12:08:39.664 user:  INFO 24103 --- [http-nio-8081-exec-7] c.e.s.aop.aspect.WebLogAspect            : HTTP Method    :GET
2020-08-30 12:08:39.664 user:  INFO 24103 --- [http-nio-8081-exec-7] c.e.s.aop.aspect.WebLogAspect            : Class Method   :com.example.springmvcdemo.controllers.HelloController.String com.example.springmvcdemo.controllers.HelloController.handle(Object)
2020-08-30 12:08:39.665 user:  INFO 24103 --- [http-nio-8081-exec-7] c.e.s.aop.aspect.WebLogAspect            : IP             :0:0:0:0:0:0:0:1
2020-08-30 12:08:39.666 user:  INFO 24103 --- [http-nio-8081-exec-7] c.e.s.aop.aspect.WebLogAspect            : Request args   :[Ljava.lang.Object;@3542421b
2020-08-30 12:08:58.807 user:  INFO 24103 --- [http-nio-8081-exec-7] c.e.s.aop.aspect.WebLogAspect            : Response Args : 登陆-cn
2020-08-30 12:08:58.808 user:  INFO 24103 --- [http-nio-8081-exec-7] c.e.s.aop.aspect.WebLogAspect            : Time Consuming : 19145 ms
2020-08-30 12:08:58.808 user:  INFO 24103 --- [http-nio-8081-exec-7] c.e.s.aop.aspect.WebLogAspect            : =========================end=========================
2020-08-30 12:09:02.212 user:  INFO 24103 --- [http-nio-8081-exec-8] c.e.s.aop.aspect.WebLogAspect            : =========================start=========================
2020-08-30 12:09:02.214 user:  INFO 24103 --- [http-nio-8081-exec-8] c.e.s.aop.aspect.WebLogAspect            : URL            :http://localhost:8081/hello/hello
2020-08-30 12:09:02.214 user:  INFO 24103 --- [http-nio-8081-exec-8] c.e.s.aop.aspect.WebLogAspect            : HTTP Method    :GET
2020-08-30 12:09:02.214 user:  INFO 24103 --- [http-nio-8081-exec-8] c.e.s.aop.aspect.WebLogAspect            : Class Method   :com.example.springmvcdemo.controllers.HelloController.String com.example.springmvcdemo.controllers.HelloController.handle(Object)
2020-08-30 12:09:02.215 user:  INFO 24103 --- [http-nio-8081-exec-8] c.e.s.aop.aspect.WebLogAspect            : IP             :0:0:0:0:0:0:0:1
2020-08-30 12:09:02.215 user:  INFO 24103 --- [http-nio-8081-exec-8] c.e.s.aop.aspect.WebLogAspect            : Request args   :[Ljava.lang.Object;@6913825a
2020-08-30 12:21:20.587 user:  INFO 24103 --- [http-nio-8081-exec-8] c.e.s.aop.aspect.WebLogAspect            : Response Args : 登陆-cn
2020-08-30 12:21:20.588 user:  INFO 24103 --- [http-nio-8081-exec-8] c.e.s.aop.aspect.WebLogAspect            : Time Consuming : 738376 ms
2020-08-30 12:21:20.588 user:  INFO 24103 --- [http-nio-8081-exec-8] c.e.s.aop.aspect.WebLogAspect            : =========================end=========================
2020-08-30 12:21:20.603 user:  INFO 24103 --- [http-nio-8081-exec-1] c.e.s.aop.aspect.WebLogAspect            : =========================start=========================
2020-08-30 12:21:20.604 user:  INFO 24103 --- [http-nio-8081-exec-1] c.e.s.aop.aspect.WebLogAspect            : URL            :http://localhost:8081/hello/hello
2020-08-30 12:21:20.605 user:  INFO 24103 --- [http-nio-8081-exec-1] c.e.s.aop.aspect.WebLogAspect            : HTTP Method    :GET
2020-08-30 12:21:20.605 user:  INFO 24103 --- [http-nio-8081-exec-1] c.e.s.aop.aspect.WebLogAspect            : Class Method   :com.example.springmvcdemo.controllers.HelloController.String com.example.springmvcdemo.controllers.HelloController.handle(Object)
2020-08-30 12:21:20.603 user:  INFO 24103 --- [http-nio-8081-exec-10] c.e.s.aop.aspect.WebLogAspect            : =========================start=========================
2020-08-30 12:21:20.608 user:  INFO 24103 --- [http-nio-8081-exec-10] c.e.s.aop.aspect.WebLogAspect            : URL            :http://localhost:8081/hello/hello
2020-08-30 12:21:20.611 user:  INFO 24103 --- [http-nio-8081-exec-10] c.e.s.aop.aspect.WebLogAspect            : HTTP Method    :GET
2020-08-30 12:21:20.610 user:  INFO 24103 --- [http-nio-8081-exec-1] c.e.s.aop.aspect.WebLogAspect            : IP             :0:0:0:0:0:0:0:1
2020-08-30 12:21:20.611 user:  INFO 24103 --- [http-nio-8081-exec-10] c.e.s.aop.aspect.WebLogAspect            : Class Method   :com.example.springmvcdemo.controllers.HelloController.String com.example.springmvcdemo.controllers.HelloController.handle(Object)
2020-08-30 12:21:20.611 user:  INFO 24103 --- [http-nio-8081-exec-1] c.e.s.aop.aspect.WebLogAspect            : Request args   :[Ljava.lang.Object;@acc1d56
2020-08-30 12:21:20.613 user:  INFO 24103 --- [http-nio-8081-exec-10] c.e.s.aop.aspect.WebLogAspect            : IP             :0:0:0:0:0:0:0:1
2020-08-30 12:21:21.655 user:  INFO 24103 --- [http-nio-8081-exec-1] c.e.s.aop.aspect.WebLogAspect            : Response Args : 登陆-cn
2020-08-30 12:21:21.655 user:  INFO 24103 --- [http-nio-8081-exec-1] c.e.s.aop.aspect.WebLogAspect            : Time Consuming : 1052 ms
2020-08-30 12:21:21.655 user:  INFO 24103 --- [http-nio-8081-exec-10] c.e.s.aop.aspect.WebLogAspect            : Request args   :[Ljava.lang.Object;@4f61dd18
2020-08-30 12:21:21.656 user:  INFO 24103 --- [http-nio-8081-exec-1] c.e.s.aop.aspect.WebLogAspect            : =========================end=========================
2020-08-30 12:21:22.410 user:  INFO 24103 --- [http-nio-8081-exec-10] c.e.s.aop.aspect.WebLogAspect            : Response Args : 登陆-cn
2020-08-30 12:21:22.410 user:  INFO 24103 --- [http-nio-8081-exec-10] c.e.s.aop.aspect.WebLogAspect            : Time Consuming : 1807 ms
2020-08-30 12:21:22.410 user:  INFO 24103 --- [http-nio-8081-exec-10] c.e.s.aop.aspect.WebLogAspect            : =========================end=========================
2020-08-30 21:54:04.183 user:  INFO 24103 --- [http-nio-8081-exec-4] c.e.s.aop.aspect.WebLogAspect            : =========================start=========================
2020-08-30 21:54:04.195 user:  INFO 24103 --- [http-nio-8081-exec-4] c.e.s.aop.aspect.WebLogAspect            : URL            :http://localhost:8081/hello/hello
2020-08-30 21:54:04.196 user:  INFO 24103 --- [http-nio-8081-exec-4] c.e.s.aop.aspect.WebLogAspect            : HTTP Method    :GET
2020-08-30 21:54:04.196 user:  INFO 24103 --- [http-nio-8081-exec-4] c.e.s.aop.aspect.WebLogAspect            : Class Method   :com.example.springmvcdemo.controllers.HelloController.String com.example.springmvcdemo.controllers.HelloController.handle(Object)
2020-08-30 21:54:04.196 user:  INFO 24103 --- [http-nio-8081-exec-4] c.e.s.aop.aspect.WebLogAspect            : IP             :0:0:0:0:0:0:0:1
2020-08-30 21:54:04.197 user:  INFO 24103 --- [http-nio-8081-exec-4] c.e.s.aop.aspect.WebLogAspect            : Request args   :[Ljava.lang.Object;@4cb56dc
2020-08-30 21:54:28.911 user:  INFO 24103 --- [http-nio-8081-exec-4] c.e.s.aop.aspect.WebLogAspect            : Response Args : 登陆-cn
2020-08-30 21:54:28.915 user:  INFO 24103 --- [http-nio-8081-exec-4] c.e.s.aop.aspect.WebLogAspect            : Time Consuming : 24733 ms
2020-08-30 21:54:28.917 user:  INFO 24103 --- [http-nio-8081-exec-4] c.e.s.aop.aspect.WebLogAspect            : =========================end=========================
2020-08-30 21:54:31.237 user:  INFO 24103 --- [SpringContextShutdownHook] o.s.s.concurrent.ThreadPoolTaskExecutor  : Shutting down ExecutorService 'applicationTaskExecutor'
